\BOOKMARK [0][-]{chapter.1}{\376\377\000C\000o\000n\000c\000e\000t\000t\000i\000\040\000p\000r\000e\000l\000i\000m\000i\000n\000a\000r\000i}{}% 1
\BOOKMARK [1][-]{section.1.1}{\376\377\000P\000r\000o\000b\000a\000b\000i\000l\000i\000t\000\340\000\040\0001}{chapter.1}% 2
\BOOKMARK [1][-]{section.1.2}{\376\377\000S\000t\000r\000u\000t\000t\000u\000r\000e\000\040\000a\000l\000g\000e\000b\000r\000i\000c\000h\000e\000\040\0002\000\040\0003}{chapter.1}% 3
\BOOKMARK [2][-]{subsection.1.2.1}{\376\377\000S\000t\000r\000u\000t\000t\000u\000r\000e\000\040\000a\000l\000g\000e\000b\000r\000i\000c\000h\000e\000\040\000n\000o\000t\000e\000v\000o\000l\000i}{section.1.2}% 4
\BOOKMARK [3][-]{subsubsection.1.2.1.1}{\376\377\000D\000e\000f\000i\000n\000i\000z\000i\000o\000n\000i\000\040\000s\000u\000\040\000a\000n\000e\000l\000l\000i\000\040\000d\000i\000\040\000p\000o\000l\000i\000n\000o\000m\000i}{subsection.1.2.1}% 5
\BOOKMARK [1][-]{section.1.3}{\376\377\000D\000e\000f\000i\000n\000i\000z\000i\000o\000n\000i\000\040\000d\000i\000\040\000t\000e\000o\000r\000i\000a\000\040\000d\000e\000i\000\040\000c\000o\000d\000i\000c\000i\000\040\000l\000i\000n\000e\000a\000r\000i\000\040\0004\000\040\0005\000\040\0006}{chapter.1}% 6
\BOOKMARK [1][-]{section.1.4}{\376\377\000D\000e\000f\000i\000n\000i\000z\000i\000o\000n\000i\000\040\000d\000i\000\040\000t\000e\000o\000r\000i\000a\000\040\000d\000e\000l\000l\000a\000\040\000c\000o\000m\000p\000u\000t\000a\000z\000i\000o\000n\000e\000\040\0001\0001}{chapter.1}% 7
\BOOKMARK [2][-]{subsection.1.4.1}{\376\377\000L\000a\000\040\000c\000o\000m\000p\000l\000e\000s\000s\000i\000t\000\340\000\040\000c\000o\000m\000p\000u\000t\000a\000z\000i\000o\000n\000a\000l\000e\000\040\000e\000\040\000l\000a\000\040\000M\000a\000c\000c\000h\000i\000n\000a\000\040\000d\000i\000\040\000T\000u\000r\000i\000n\000g}{section.1.4}% 8
\BOOKMARK [2][-]{subsection.1.4.2}{\376\377\000I\000\040\000p\000r\000o\000b\000l\000e\000m\000i\000\040\000d\000i\000\040\000c\000l\000a\000s\000s\000e\000\040\000N\000P\000\040\000e\000\040\000N\000P\000-\000H\000a\000r\000d}{section.1.4}% 9
\BOOKMARK [1][-]{section.1.5}{\376\377\000I\000\040\000p\000r\000o\000b\000l\000e\000m\000i\000\040\000d\000i\000\040\000d\000e\000c\000o\000d\000i\000f\000i\000c\000a\000\040\0007\000\040\0008\000\040\0009\000\040\0001\0000}{chapter.1}% 10
\BOOKMARK [1][-]{section.1.6}{\376\377\000D\000e\000f\000i\000n\000i\000z\000i\000o\000n\000i\000\040\000d\000i\000\040\000c\000r\000i\000t\000t\000o\000g\000r\000a\000f\000i\000a}{chapter.1}% 11
\BOOKMARK [2][-]{subsection.1.6.1}{\376\377\000G\000l\000i\000\040\000a\000r\000g\000o\000m\000e\000n\000t\000i\000\040\000p\000e\000r\000\040\000i\000b\000r\000i\000d\000i\000\040\0001\0009}{section.1.6}% 12
\BOOKMARK [0][-]{chapter.2}{\376\377\000C\000o\000n\000s\000i\000d\000e\000r\000a\000z\000i\000o\000n\000i\000\040\000p\000r\000e\000l\000i\000m\000i\000n\000a\000r\000i\000\040\000s\000u\000g\000l\000i\000\040\000a\000l\000g\000o\000r\000i\000t\000m\000i\000\040\000p\000r\000e\000s\000e\000n\000t\000a\000t\000i}{}% 13
\BOOKMARK [0][-]{chapter.3}{\376\377\000L\000a\000\040\000c\000r\000i\000t\000t\000o\000g\000r\000a\000f\000i\000a\000\040\000b\000a\000s\000a\000t\000a\000\040\000s\000u\000\040\000r\000e\000t\000i\000c\000o\000l\000i\000\040\0001\0002\000\040\0001\0004}{}% 14
\BOOKMARK [1][-]{section.3.1}{\376\377\000I\000l\000\040\000c\000r\000i\000t\000t\000o\000s\000i\000s\000t\000e\000m\000a\000\040\000d\000i\000\040\000A\000j\000t\000a\000i\000-\000D\000w\000o\000r\000k\000\040\0001\0008}{chapter.3}% 15
\BOOKMARK [1][-]{section.3.2}{\376\377\000I\000l\000\040\000c\000r\000i\000t\000t\000o\000s\000i\000s\000t\000e\000m\000a\000\040\000d\000i\000\040\000R\000e\000g\000e\000v\000\040\0001\0007}{chapter.3}% 16
\BOOKMARK [0][-]{chapter.4}{\376\377\000I\000\040\000c\000r\000i\000t\000t\000o\000s\000i\000s\000t\000e\000m\000i\000\040\000d\000i\000\040\000A\000l\000e\000k\000h\000n\000o\000v\000i\000c\000h}{}% 17
\BOOKMARK [1][-]{section.4.1}{\376\377\000P\000r\000i\000m\000o\000\040\000c\000r\000i\000t\000t\000o\000s\000i\000s\000t\000e\000m\000a\000\040\000d\000i\000\040\000A\000l\000e\000k\000h\000n\000o\000v\000i\000c\000h\000\040\0007\000\040\0009}{chapter.4}% 18
\BOOKMARK [1][-]{section.4.2}{\376\377\000S\000e\000c\000o\000n\000d\000o\000\040\000c\000r\000i\000t\000t\000o\000s\000i\000s\000t\000e\000m\000a\000\040\000d\000i\000\040\000A\000l\000e\000k\000h\000n\000o\000v\000i\000c\000h\000\040\0009}{chapter.4}% 19
\BOOKMARK [1][-]{section.4.3}{\376\377\000D\000i\000m\000o\000s\000t\000r\000a\000z\000i\000o\000n\000i\000\040\000d\000i\000\040\000s\000i\000c\000u\000r\000e\000z\000z\000a}{chapter.4}% 20
\BOOKMARK [2][-]{subsection.4.3.1}{\376\377\000P\000r\000i\000m\000o\000\040\000c\000r\000i\000t\000t\000o\000s\000i\000s\000t\000e\000m\000a\000\040\000d\000i\000\040\000A\000l\000e\000k\000h\000n\000o\000v\000i\000c\000h}{section.4.3}% 21
\BOOKMARK [3][-]{subsubsection.4.3.1.1}{\376\377\000R\000i\000d\000u\000z\000i\000o\000n\000e\000\040\000d\000i\000\040\000s\000i\000c\000u\000r\000e\000z\000z\000a\000\040\000p\000e\000r\000\040\000T\000M\000D\000A\000\040\0009}{subsection.4.3.1}% 22
\BOOKMARK [3][-]{subsubsection.4.3.1.2}{\376\377\000R\000i\000d\000u\000z\000i\000o\000n\000e\000\040\000d\000i\000\040\000s\000i\000c\000u\000r\000e\000z\000z\000a\000\040\000p\000e\000r\000\040\000P\000K\000D\000A}{subsection.4.3.1}% 23
\BOOKMARK [2][-]{subsection.4.3.2}{\376\377\000S\000e\000c\000o\000n\000d\000o\000\040\000c\000r\000i\000t\000t\000o\000s\000i\000s\000t\000e\000m\000a\000\040\000d\000i\000\040\000A\000l\000e\000k\000h\000n\000o\000v\000i\000c\000h}{section.4.3}% 24
\BOOKMARK [3][-]{subsubsection.4.3.2.1}{\376\377\000R\000i\000d\000u\000z\000i\000o\000n\000e\000\040\000d\000i\000\040\000s\000i\000c\000u\000r\000e\000z\000z\000a\000\040\000p\000e\000r\000\040\000T\000M\000D\000A\000\040\0009}{subsection.4.3.2}% 25
\BOOKMARK [3][-]{subsubsection.4.3.2.2}{\376\377\000R\000i\000d\000u\000z\000i\000o\000n\000e\000\040\000d\000i\000\040\000s\000i\000c\000u\000r\000e\000z\000z\000a\000\040\000p\000e\000r\000\040\000P\000K\000D\000A}{subsection.4.3.2}% 26
\BOOKMARK [0][-]{chapter.5}{\376\377\000L\000o\000\040\000s\000c\000h\000e\000m\000a\000\040\000q\000u\000a\000s\000i\000-\000c\000i\000c\000l\000i\000c\000o\000\040\0008}{}% 27
\BOOKMARK [0][-]{chapter.6}{\376\377\000A\000n\000a\000l\000o\000g\000i\000e\000\040\000t\000r\000a\000\040\000i\000\040\000c\000r\000i\000t\000t\000o\000s\000i\000s\000t\000e\000m\000i\000\040\000a\000n\000a\000l\000i\000z\000z\000a\000t\000i}{}% 28
\BOOKMARK [1][-]{section.6.1}{\376\377\000A\000n\000a\000l\000o\000g\000i\000e\000\040\000t\000r\000a\000\040\000i\000\040\000c\000r\000i\000t\000t\000o\000s\000i\000s\000t\000e\000m\000i\000\040\000b\000a\000s\000a\000t\000i\000\040\000s\000u\000\040\000r\000e\000t\000i\000c\000o\000l\000i\000\040\000e\000\040\000i\000\040\000c\000r\000i\000t\000t\000o\000s\000i\000s\000t\000e\000m\000i\000\040\000d\000i\000\040\000A\000l\000e\000k\000h\000n\000o\000v\000i\000c\000h\000\040\0001\0005}{chapter.6}% 29
\BOOKMARK [1][-]{section.6.2}{\376\377\000D\000a\000i\000\040\000c\000r\000i\000t\000t\000o\000s\000i\000s\000t\000e\000m\000i\000\040\000d\000i\000\040\000A\000l\000e\000k\000h\000n\000o\000v\000i\000c\000h\000\040\000a\000l\000l\000o\000\040\000s\000c\000h\000e\000m\000a\000\040\000q\000u\000a\000s\000i\000\040\000c\000i\000c\000l\000i\000c\000o\000\040\0001\0005\000\040\0001\0003}{chapter.6}% 30
\BOOKMARK [0][-]{chapter.7}{\376\377\000A\000n\000a\000l\000i\000s\000i\000\040\000c\000o\000m\000p\000a\000r\000a\000t\000i\000v\000a\000\040\000d\000e\000i\000\040\000c\000i\000f\000r\000a\000r\000i\000\040\000a\000n\000a\000l\000i\000z\000z\000a\000t\000i}{}% 31
\BOOKMARK [1][-]{section.7.1}{\376\377\000P\000a\000r\000a\000m\000e\000t\000r\000i\000\040\000d\000i\000\040\000c\000o\000n\000f\000r\000o\000n\000t\000o\000\040\000d\000e\000i\000\040\000c\000i\000f\000r\000a\000r\000i}{chapter.7}% 32
\BOOKMARK [1][-]{section.7.2}{\376\377\000C\000o\000n\000f\000r\000o\000n\000t\000o\000\040\000d\000e\000i\000\040\000c\000i\000f\000r\000a\000r\000i}{chapter.7}% 33
\BOOKMARK [2][-]{subsection.7.2.1}{\376\377\000D\000i\000m\000e\000n\000s\000i\000o\000n\000i\000\040\000d\000e\000l\000l\000e\000\040\000c\000h\000i\000a\000v\000i}{section.7.2}% 34
\BOOKMARK [2][-]{subsection.7.2.2}{\376\377\000D\000i\000m\000e\000n\000s\000i\000o\000n\000i\000\040\000d\000e\000i\000\040\000m\000e\000s\000s\000a\000g\000g\000i}{section.7.2}% 35
\BOOKMARK [2][-]{subsection.7.2.3}{\376\377\000P\000r\000o\000c\000e\000s\000s\000i\000\040\000d\000i\000\040\000c\000o\000d\000i\000f\000i\000c\000a}{section.7.2}% 36
\BOOKMARK [2][-]{subsection.7.2.4}{\376\377\000P\000r\000o\000c\000e\000s\000s\000i\000\040\000d\000i\000\040\000d\000e\000c\000o\000d\000i\000f\000i\000c\000a}{section.7.2}% 37
\BOOKMARK [2][-]{subsection.7.2.5}{\376\377\000S\000i\000c\000u\000r\000e\000z\000z\000a\000\040\0009}{section.7.2}% 38
\BOOKMARK [2][-]{subsection.7.2.6}{\376\377\000C\000o\000r\000r\000e\000t\000t\000e\000z\000z\000a}{section.7.2}% 39
